This is LuaTeX, Version beta-0.80.0 (TeX Live 2015/Debian) (rev 5238)  (format=lualatex 2016.8.22)  14 SEP 2016 18:55
 restricted \write18 enabled.
**data_model.tex
(./data_model.tex
LaTeX2e <2016/02/01>
Babel <3.9q> and hyphenation patterns for 1 language(s) loaded.
! Undefined control sequence.
l.4 \chapter
          {Data Model}
The control sequence at the end of the top line
of your error message was never \def'ed. If you have
misspelled it (e.g., `\hobx'), type `I' and the correct
spelling (e.g., `I\hbox'). Otherwise just continue,
and I'll forget about whatever was undefined.


! LaTeX Error: Missing \begin{document}.

See the LaTeX manual or LaTeX Companion for explanation.
Type  H <return>  for immediate help.
 ...                                              
                                                  
l.4 \chapter{D
            ata Model}
You're in trouble here.  Try typing  <return>  to proceed.
If that doesn't work, type  X <return>  to quit.


Overfull \hbox (20.0pt too wide) in paragraph at lines 4--5
[][]Data
 []


! LaTeX Error: Missing \begin{document}.

See the LaTeX manual or LaTeX Companion for explanation.
Type  H <return>  for immediate help.
 ...                                              
                                                  
l.7 ÎŸ
     Ï€Ï…ÏÎ®Î½Î±Ï‚ Ï„Î·Ï‚ Î±ÏÏ‡Î¹Ï„ÎµÎºÏ„Î¿Î½Î¹ÎºÎ®Ï‚ Lambda ÎµÎ¯Î½Î±Î¹ Ï„...
You're in trouble here.  Try typing  <return>  to proceed.
If that doesn't work, type  X <return>  to quit.


Overfull \hbox (20.0pt too wide) in paragraph at lines 7--8
[][]ÎŸ
 []

! Undefined control sequence.
l.12 \section
           {ÎŸÏÎ¿Î»Î¿Î³Î¯Î±}
The control sequence at the end of the top line
of your error message was never \def'ed. If you have
misspelled it (e.g., `\hobx'), type `I' and the correct
spelling (e.g., `I\hbox'). Otherwise just continue,
and I'll forget about whatever was undefined.


! LaTeX Error: Missing \begin{document}.

See the LaTeX manual or LaTeX Companion for explanation.
Type  H <return>  for immediate help.
 ...                                              
                                                  
l.12 \section{ÎŸ
              ÏÎ¿Î»Î¿Î³Î¯Î±}
You're in trouble here.  Try typing  <return>  to proceed.
If that doesn't work, type  X <return>  to quit.


! LaTeX Error: Environment description undefined.

See the LaTeX manual or LaTeX Companion for explanation.
Type  H <return>  for immediate help.
 ...                                              
                                                  
l.14 \begin{description}
                      
Your command was ignored.
Type  I <command> <return>  to replace it with another command,
or  <return>  to continue without it.


Overfull \hbox (20.0pt too wide) in paragraph at lines 12--15
[][]ÎŸÏÎ¿Î»Î¿Î³Î¯Î±
 []


! LaTeX Error: Lonely \item--perhaps a missing list environment.

See the LaTeX manual or LaTeX Companion for explanation.
Type  H <return>  for immediate help.
 ...                                              
                                                  
l.15 \item [Information]
                       Î•Î¯Î½Î±Î¹ Î¿Î¹ Ï€Î»Î·ÏÎ¿Ï†Î¿ÏÎ¯ÎµÏ‚ Ï€Î¿Ï… Î­Ï‡Î¿Ï...
Try typing  <return>  to proceed.
If that doesn't work, type  X <return>  to quit.


! LaTeX Error: Lonely \item--perhaps a missing list environment.

See the LaTeX manual or LaTeX Companion for explanation.
Type  H <return>  for immediate help.
 ...                                              
                                                  
l.16 \item [Data]
                ÎŸÎ¹ Ï€Î»Î·ÏÎ¿Ï†Î¿ÏÎ¯ÎµÏ‚ Ï€Î¿Ï… Î´ÎµÎ½ Î¼Ï€Î¿ÏÎ¿ÏÎ½ Î½Î...
Try typing  <return>  to proceed.
If that doesn't work, type  X <return>  to quit.


! LaTeX Error: Lonely \item--perhaps a missing list environment.

See the LaTeX manual or LaTeX Companion for explanation.
Type  H <return>  for immediate help.
 ...                                              
                                                  
l.17 \item [Views]
                 Î Î»Î·ÏÎ¿Ï†Î¿ÏÎ¯ÎµÏ‚ Ï€Î¿Ï… Î­Ï‡Î¿Ï…Î½ ÎµÎ¾Î±Ï‡Î¸ÎµÎ¯/Ï…Ï...
Try typing  <return>  to proceed.
If that doesn't work, type  X <return>  to quit.


! LaTeX Error: Lonely \item--perhaps a missing list environment.

See the LaTeX manual or LaTeX Companion for explanation.
Type  H <return>  for immediate help.
 ...                                              
                                                  
l.18 \item [Queries]
                   Î•ÏÏ‰Ï„Î®ÏƒÎµÎ¹Ï‚ Ï€Î¿Ï… Ï…Ï€Î¿Î²Î¬Î»Î»Î¿Î½Ï„Î±Î¹ ÏƒÏ„Î¿...
Try typing  <return>  to proceed.
If that doesn't work, type  X <return>  to quit.


! LaTeX Error: \begin{document} ended by \end{description}.

See the LaTeX manual or LaTeX Companion for explanation.
Type  H <return>  for immediate help.
 ...                                              
                                                  
l.19 \end{description}
                    
Your command was ignored.
Type  I <command> <return>  to replace it with another command,
or  <return>  to continue without it.

! Undefined control sequence.
l.21 \section
           {Î™Î´Î¹ÏŒÏ„Î·Ï„ÎµÏ‚ Ï„Ï‰Î½ Î´ÎµÎ´Î¿Î¼Î­Î½Ï‰Î½}
The control sequence at the end of the top line
of your error message was never \def'ed. If you have
misspelled it (e.g., `\hobx'), type `I' and the correct
spelling (e.g., `I\hbox'). Otherwise just continue,
and I'll forget about whatever was undefined.


! LaTeX Error: Missing \begin{document}.

See the LaTeX manual or LaTeX Companion for explanation.
Type  H <return>  for immediate help.
 ...                                              
                                                  
l.21 \section{Î™
              Î´Î¹ÏŒÏ„Î·Ï„ÎµÏ‚ Ï„Ï‰Î½ Î´ÎµÎ´Î¿Î¼Î­Î½Ï‰Î½}
You're in trouble here.  Try typing  <return>  to proceed.
If that doesn't work, type  X <return>  to quit.


Overfull \hbox (20.0pt too wide) in paragraph at lines 21--24
[][]Î™Î´Î¹ÏŒÏ„Î·Ï„ÎµÏ‚
 []

! Undefined control sequence.
l.25 \subsection
              {Rawness}
The control sequence at the end of the top line
of your error message was never \def'ed. If you have
misspelled it (e.g., `\hobx'), type `I' and the correct
spelling (e.g., `I\hbox'). Otherwise just continue,
and I'll forget about whatever was undefined.


! LaTeX Error: Missing \begin{document}.

See the LaTeX manual or LaTeX Companion for explanation.
Type  H <return>  for immediate help.
 ...                                              
                                                  
l.25 \subsection{R
                awness}
You're in trouble here.  Try typing  <return>  to proceed.
If that doesn't work, type  X <return>  to quit.


Overfull \hbox (20.0pt too wide) in paragraph at lines 25--28
[][]Rawness
 []

! Undefined control sequence.
l.29 \subsection
              {Immutability}
The control sequence at the end of the top line
of your error message was never \def'ed. If you have
misspelled it (e.g., `\hobx'), type `I' and the correct
spelling (e.g., `I\hbox'). Otherwise just continue,
and I'll forget about whatever was undefined.


! LaTeX Error: Missing \begin{document}.

See the LaTeX manual or LaTeX Companion for explanation.
Type  H <return>  for immediate help.
 ...                                              
                                                  
l.29 \subsection{I
                mmutability}
You're in trouble here.  Try typing  <return>  to proceed.
If that doesn't work, type  X <return>  to quit.


! LaTeX Error: Environment description undefined.

See the LaTeX manual or LaTeX Companion for explanation.
Type  H <return>  for immediate help.
 ...                                              
                                                  
l.31 \begin{description}
                      
Your command was ignored.
Type  I <command> <return>  to replace it with another command,
or  <return>  to continue without it.


Overfull \hbox (20.0pt too wide) in paragraph at lines 29--32
[][]Immutability
 []


! LaTeX Error: Lonely \item--perhaps a missing list environment.

See the LaTeX manual or LaTeX Companion for explanation.
Type  H <return>  for immediate help.
 ...                                              
                                                  
l.32 ...Î»ÎµÎ¹Î± Î±Ï€ÏŒ Î‘Î½Î¸ÏÏÏ€Î¹Î½Î± Î»Î¬Î¸Î·]
                                                   ÎˆÎ½Î±Ï‚ Î±Ï€ÏŒ Ï„Î¿Ï…Ï‚ ...
Try typing  <return>  to proceed.
If that doesn't work, type  X <return>  to quit.


! LaTeX Error: Lonely \item--perhaps a missing list environment.

See the LaTeX manual or LaTeX Companion for explanation.
Type  H <return>  for immediate help.
 ...                                              
                                                  
l.33 \item [Simplicity]
                      Î— Î±Ï€Î¿Î¸Î®ÎºÎµÏ…ÏƒÎ· Î´ÎµÎ´Î¿Î¼Î­Î½Ï‰Î½ Ï€Î¿Ï… Î¼Ï€...
Try typing  <return>  to proceed.
If that doesn't work, type  X <return>  to quit.


! LaTeX Error: \begin{document} ended by \end{description}.

See the LaTeX manual or LaTeX Companion for explanation.
Type  H <return>  for immediate help.
 ...                                              
                                                  
l.34 \end{description}
                    
Your command was ignored.
Type  I <command> <return>  to replace it with another command,
or  <return>  to continue without it.


! LaTeX Error: Missing \begin{document}.

See the LaTeX manual or LaTeX Companion for explanation.
Type  H <return>  for immediate help.
 ...                                              
                                                  
l.36 Îˆ
     Î½Î± Î±Ï€ÏŒ Ï„Î± Î¼ÎµÎ¹Î¿Î½ÎµÎºÏ„Î®Î¼Î±Ï„Î± Ï„Î¿Ï… immutable dataset Îµ...
You're in trouble here.  Try typing  <return>  to proceed.
If that doesn't work, type  X <return>  to quit.


Overfull \hbox (20.0pt too wide) in paragraph at lines 36--37
[][]ÎˆÎ½Î±
 []

! Undefined control sequence.
l.38 \subsection
              {Perpetuity}
The control sequence at the end of the top line
of your error message was never \def'ed. If you have
misspelled it (e.g., `\hobx'), type `I' and the correct
spelling (e.g., `I\hbox'). Otherwise just continue,
and I'll forget about whatever was undefined.


! LaTeX Error: Missing \begin{document}.

See the LaTeX manual or LaTeX Companion for explanation.
Type  H <return>  for immediate help.
 ...                                              
                                                  
l.38 \subsection{P
                erpetuity}
You're in trouble here.  Try typing  <return>  to proceed.
If that doesn't work, type  X <return>  to quit.


Overfull \hbox (20.0pt too wide) in paragraph at lines 38--40
[][]Perpetuity
 []

! Undefined control sequence.
l.41 \subsection
              {Delete}
The control sequence at the end of the top line
of your error message was never \def'ed. If you have
misspelled it (e.g., `\hobx'), type `I' and the correct
spelling (e.g., `I\hbox'). Otherwise just continue,
and I'll forget about whatever was undefined.


! LaTeX Error: Missing \begin{document}.

See the LaTeX manual or LaTeX Companion for explanation.
Type  H <return>  for immediate help.
 ...                                              
                                                  
l.41 \subsection{D
                elete}
You're in trouble here.  Try typing  <return>  to proceed.
If that doesn't work, type  X <return>  to quit.


! LaTeX Error: Environment description undefined.

See the LaTeX manual or LaTeX Companion for explanation.
Type  H <return>  for immediate help.
 ...                                              
                                                  
l.43 \begin{description}
                      
Your command was ignored.
Type  I <command> <return>  to replace it with another command,
or  <return>  to continue without it.


Overfull \hbox (20.0pt too wide) in paragraph at lines 41--44
[][]Delete
 []


! LaTeX Error: Lonely \item--perhaps a missing list environment.

See the LaTeX manual or LaTeX Companion for explanation.
Type  H <return>  for immediate help.
 ...                                              
                                                  
l.44 \item [Garbage collection]
                              ÎŸ ÏŒÏÎ¿Ï‚ ÎµÎ¯Î½Î±Î¹ Î³Î½Ï‰ÏƒÏ„ÏŒÏ‚ ÎºÎ±Î¹ Î...
Try typing  <return>  to proceed.
If that doesn't work, type  X <return>  to quit.


! LaTeX Error: Lonely \item--perhaps a missing list environment.

See the LaTeX manual or LaTeX Companion for explanation.
Type  H <return>  for immediate help.
 ...                                              
                                                  
l.45 \item [ÎšÎ±Î½Î¿Î½Î¹ÏƒÎ¼Î¿Î¯]
                                Î£Îµ Î±ÏÎºÎµÏ„Î­Ï‚ Ï€ÎµÏÎ¹Ï€Ï„ÏÏƒÎµÎ¹Ï‚ Î...
Try typing  <return>  to proceed.
If that doesn't work, type  X <return>  to quit.


! LaTeX Error: \begin{document} ended by \end{description}.

See the LaTeX manual or LaTeX Companion for explanation.
Type  H <return>  for immediate help.
 ...                                              
                                                  
l.46 \end{description}
                    
Your command was ignored.
Type  I <command> <return>  to replace it with another command,
or  <return>  to continue without it.


! LaTeX Error: Missing \begin{document}.

See the LaTeX manual or LaTeX Companion for explanation.
Type  H <return>  for immediate help.
 ...                                              
                                                  
l.48  Î£
      Îµ ÏŒÎ»ÎµÏ‚ Ï„Î¹Ï‚ Ï€ÎµÏÎ¹Ï€Ï„ÏÏƒÎµÎ¹Ï‚ Î´Î¹Î±Î³ÏÎ±Ï†Î®Ï‚ Î¸Î± Ï€Ï...
You're in trouble here.  Try typing  <return>  to proceed.
If that doesn't work, type  X <return>  to quit.


Overfull \hbox (20.0pt too wide) in paragraph at lines 48--50
[][]Î£Îµ
 []

! Undefined control sequence.
l.51 \section
           {Î‘Î½Î±Ï€Î±ÏÎ¬ÏƒÏ„Î±ÏƒÎ· Ï„Ï‰Î½ Î´ÎµÎ´Î¿Î¼Î­Î½Ï‰Î½}
The control sequence at the end of the top line
of your error message was never \def'ed. If you have
misspelled it (e.g., `\hobx'), type `I' and the correct
spelling (e.g., `I\hbox'). Otherwise just continue,
and I'll forget about whatever was undefined.


! LaTeX Error: Missing \begin{document}.

See the LaTeX manual or LaTeX Companion for explanation.
Type  H <return>  for immediate help.
 ...                                              
                                                  
l.51 \section{Î‘
              Î½Î±Ï€Î±ÏÎ¬ÏƒÏ„Î±ÏƒÎ· Ï„Ï‰Î½ Î´ÎµÎ´Î¿Î¼Î­Î½Ï‰Î½}
You're in trouble here.  Try typing  <return>  to proceed.
If that doesn't work, type  X <return>  to quit.


Overfull \hbox (20.0pt too wide) in paragraph at lines 51--55
[][]Î‘Î½Î±Ï€Î±ÏÎ¬ÏƒÏ„Î±ÏƒÎ·
 []


! LaTeX Error: Environment description undefined.

See the LaTeX manual or LaTeX Companion for explanation.
Type  H <return>  for immediate help.
 ...                                              
                                                  
l.56 \begin{description}
                      
Your command was ignored.
Type  I <command> <return>  to replace it with another command,
or  <return>  to continue without it.


! LaTeX Error: Lonely \item--perhaps a missing list environment.

See the LaTeX manual or LaTeX Companion for explanation.
Type  H <return>  for immediate help.
 ...                                              
                                                  
l.57 \item [Atomic]
                  Î— Ï€ÏÏÏ„Î· Ï€ÏÎ¿Ï‹Ï€ÏŒÎ¸ÎµÏƒÎ· Î±Î½Î±Ï†Î­ÏÎµÏ„Î±Î¹ Ïƒ...
Try typing  <return>  to proceed.
If that doesn't work, type  X <return>  to quit.


! LaTeX Error: Lonely \item--perhaps a missing list environment.

See the LaTeX manual or LaTeX Companion for explanation.
Type  H <return>  for immediate help.
 ...                                              
                                                  
l.58 \item [Timestamped]
                       ÎšÎ¬Î¸Îµ fact ÏƒÏ…Î½Î¿Î´ÎµÏÎµÏ„Î±Î¹ Î±Ï€ÏŒ Î¼Î¹Î± Ï‡...
Try typing  <return>  to proceed.
If that doesn't work, type  X <return>  to quit.


! LaTeX Error: Lonely \item--perhaps a missing list environment.

See the LaTeX manual or LaTeX Companion for explanation.
Type  H <return>  for immediate help.
 ...                                              
                                                  
l.59 \item [Unique]
                  ÎšÎ¬Î¸Îµ fact Ï€ÏÎ­Ï€ÎµÎ¹ Î½Î± ÎµÎ¯Î½Î±Î¹ Î¼Î¿Î½Î±Î´Î¹ÎºÏ...
Try typing  <return>  to proceed.
If that doesn't work, type  X <return>  to quit.


! LaTeX Error: \begin{document} ended by \end{description}.

See the LaTeX manual or LaTeX Companion for explanation.
Type  H <return>  for immediate help.
 ...                                              
                                                  
l.60 \end{description}
                    
Your command was ignored.
Type  I <command> <return>  to replace it with another command,
or  <return>  to continue without it.

! Undefined control sequence.
l.70 \section
           {Î£ÏÎ½Î¿ÏˆÎ·}
The control sequence at the end of the top line
of your error message was never \def'ed. If you have
misspelled it (e.g., `\hobx'), type `I' and the correct
spelling (e.g., `I\hbox'). Otherwise just continue,
and I'll forget about whatever was undefined.

)
! Emergency stop.
<*> data_model.tex
               
*** (job aborted, no legal \end found)



Here is how much of LuaTeX's memory you used:
 11 strings out of 495004
 100000,89155 words of node,token memory allocated 50337 words of node memory still in use:
   83 hlist, 1436 glue, 75 penalty, 7091 glyph, 211 glue_spec, 1 temp, 26 local_
par, 1 dir nodes
   avail lists: 2:11,5:2,7:165,10:141
 3699 multiletter control sequences out of 65536+600000
 14 fonts using 562767 bytes
 6i,1n,7p,1565b,60s stack positions out of 5000i,500n,10000p,200000b,100000s
!  ==> Fatal error occurred, no output PDF file produced!
