This is LuaTeX, Version beta-0.80.0 (TeX Live 2015/Debian) (rev 5238)  (format=lualatex 2016.8.22)  14 SEP 2016 18:41
 restricted \write18 enabled.
**terminology.tex
(./terminology.tex
LaTeX2e <2016/02/01>
Babel <3.9q> and hyphenation patterns for 1 language(s) loaded.
! Undefined control sequence.
l.1 \dictentry
            {aardvark}{an animal}%
The control sequence at the end of the top line
of your error message was never \def'ed. If you have
misspelled it (e.g., `\hobx'), type `I' and the correct
spelling (e.g., `I\hbox'). Otherwise just continue,
and I'll forget about whatever was undefined.


! LaTeX Error: Missing \begin{document}.

See the LaTeX manual or LaTeX Companion for explanation.
Type  H <return>  for immediate help.
 ...                                              
                                                  
l.1 \dictentry{a
              ardvark}{an animal}%
You're in trouble here.  Try typing  <return>  to proceed.
If that doesn't work, type  X <return>  to quit.

! Undefined control sequence.
l.2 \dictentry
            {lion}{another animal, but with
The control sequence at the end of the top line
of your error message was never \def'ed. If you have
misspelled it (e.g., `\hobx'), type `I' and the correct
spelling (e.g., `I\hbox'). Otherwise just continue,
and I'll forget about whatever was undefined.

! Undefined control sequence.
l.6 \dictentry
            {zebra}{yet another animal}%
The control sequence at the end of the top line
of your error message was never \def'ed. If you have
misspelled it (e.g., `\hobx'), type `I' and the correct
spelling (e.g., `I\hbox'). Otherwise just continue,
and I'll forget about whatever was undefined.

)
! Emergency stop.
<*> terminology.tex
                
*** (job aborted, no legal \end found)



Here is how much of LuaTeX's memory you used:
 7 strings out of 495004
 100000,89155 words of node,token memory allocated 1903 words of node memory still in use:
   1 hlist, 42 glue, 237 glyph, 58 glue_spec, 1 temp, 1 local_par, 1 dir nodes
   avail lists: 2:11,3:2
 3695 multiletter control sequences out of 65536+600000
 14 fonts using 562767 bytes
 5i,0n,4p,92b,16s stack positions out of 5000i,500n,10000p,200000b,100000s
!  ==> Fatal error occurred, no output PDF file produced!
