This is LuaTeX, Version beta-0.76.0-2013121407 (rev 4627)  (format=lualatex 2016.7.25)  29 JUL 2016 11:39
 restricted \write18 enabled.
**thesis_template2015.tex
(./thesis_template2015.tex
LaTeX2e <2011/06/27>
Babel <3.9h> and hyphenation patterns for 78 languages loaded.
(/usr/share/texlive/texmf-dist/tex/latex/base/report.cls
Document Class: report 2007/10/19 v1.4h Standard LaTeX document class
(/usr/share/texlive/texmf-dist/tex/latex/base/size12.clo
File: size12.clo 2007/10/19 v1.4h Standard LaTeX file (size option)
)
\c@part=\count79
\c@chapter=\count80
\c@section=\count81
\c@subsection=\count82
\c@subsubsection=\count83
\c@paragraph=\count84
\c@subparagraph=\count85
\c@figure=\count86
\c@table=\count87
\abovecaptionskip=\skip41
\belowcaptionskip=\skip42
\bibindent=\dimen102
)
(/usr/share/texlive/texmf-dist/tex/generic/babel/babel.sty
Package: babel 2013/12/03 3.9h The Babel package

(/usr/share/texlive/texmf-dist/tex/generic/babel-greek/greek.ldf
Language: greek 2013/12/03 v1.8a Greek support for the babel system

(/usr/share/texlive/texmf-dist/tex/generic/babel/babel.def
File: babel.def 2013/12/03 3.9h Babel common definitions
\babel@savecnt=\count88
\U@D=\dimen103

(/usr/share/texlive/texmf-dist/tex/generic/babel/luababel.def
luatex-hyphen: using data file: /var/lib/texmf/tex/generic/config/language.dat.l
ua))
(/usr/share/texlive/texmf-dist/tex/latex/greek-fontenc/lgrenc.def
File: lgrenc.def 2013/07/16 v0.9 LGR Greek font encoding definitions

(/usr/share/texlive/texmf-dist/tex/latex/greek-fontenc/greek-fontenc.def
File: greek-fontenc.def 2013/11/28 v0.11 Common Greek font encoding definitions
)))
(/usr/share/texlive/texmf-dist/tex/generic/babel-english/english.ldf
Language: english 2012/08/20 v3.3p English support from the babel system
\l@canadian = a dialect from \language\l@american 
\l@australian = a dialect from \language\l@british 
\l@newzealand = a dialect from \language\l@british 
))
(/usr/share/texlive/texmf-dist/tex/latex/tools/varioref.sty
Package: varioref 2011/10/02 v1.4z package for extended references (FMi)
\c@vrcnt=\count89
)
(/usr/share/texlive/texmf-dist/tex/latex/graphics/graphicx.sty
Package: graphicx 1999/02/16 v1.0f Enhanced LaTeX Graphics (DPC,SPQR)

(/usr/share/texlive/texmf-dist/tex/latex/graphics/keyval.sty
Package: keyval 1999/03/16 v1.13 key=value parser (DPC)
\KV@toks@=\toks14
)
(/usr/share/texlive/texmf-dist/tex/latex/graphics/graphics.sty
Package: graphics 2009/02/05 v1.0o Standard LaTeX Graphics (DPC,SPQR)

(/usr/share/texlive/texmf-dist/tex/latex/graphics/trig.sty
Package: trig 1999/03/16 v1.09 sin cos tan (DPC)
)
(/usr/share/texlive/texmf-dist/tex/latex/latexconfig/graphics.cfg
File: graphics.cfg 2010/04/23 v1.9 graphics configuration of TeX Live
)
Package graphics Info: Driver file: pdftex.def on input line 91.

(/usr/share/texlive/texmf-dist/tex/latex/pdftex-def/pdftex.def
File: pdftex.def 2011/05/27 v0.06d Graphics/color for pdfTeX

(/usr/share/texlive/texmf-dist/tex/generic/oberdiek/infwarerr.sty
Package: infwarerr 2010/04/08 v1.3 Providing info/warning/error messages (HO)
)
(/usr/share/texlive/texmf-dist/tex/generic/oberdiek/ltxcmds.sty
Package: ltxcmds 2011/11/09 v1.22 LaTeX kernel commands for general use (HO)
)
(/usr/share/texlive/texmf-dist/tex/generic/oberdiek/pdftexcmds.sty
Package: pdftexcmds 2011/11/29 v0.20 Utility functions of pdfTeX for LuaTeX (HO)


(/usr/share/texlive/texmf-dist/tex/generic/oberdiek/ifluatex.sty
Package: ifluatex 2010/03/01 v1.3 Provides the ifluatex switch (HO)
Package ifluatex Info: LuaTeX detected.
)
(/usr/share/texlive/texmf-dist/tex/generic/oberdiek/ifpdf.sty
Package: ifpdf 2011/01/30 v2.3 Provides the ifpdf switch (HO)
Package ifpdf Info: pdfTeX in PDF mode is detected.
)
Package pdftexcmds Info: \pdf@primitive is available.
Package pdftexcmds Info: \pdf@ifprimitive is available.
Package pdftexcmds Info: \pdfdraftmode found.

(/usr/share/texlive/texmf-dist/tex/generic/oberdiek/luatex-loader.sty
Package: luatex-loader 2010/03/09 v0.4 Lua module loader (HO)

(/usr/share/texlive/texmf-dist/scripts/oberdiek/oberdiek.luatex.lua))
\pdftexcmds@toks=\toks15
)
\Gread@gobject=\count90
))
\Gin@req@height=\dimen104
\Gin@req@width=\dimen105
)
(/usr/share/texlive/texmf-dist/tex/latex/subfigure/subfigure.sty
Package: subfigure 2002/03/15 v2.1.5 subfigure package
\subfigtopskip=\skip43
\subfigcapskip=\skip44
\subfigcaptopadj=\dimen106
\subfigbottomskip=\skip45
\subfigcapmargin=\dimen107
\subfiglabelskip=\skip46
\c@subfigure=\count91
\c@lofdepth=\count92
\c@subtable=\count93
\c@lotdepth=\count94

****************************************
* Local config file subfigure.cfg used *
****************************************
(/usr/share/texlive/texmf-dist/tex/latex/subfigure/subfigure.cfg)
\subfig@top=\skip47
\subfig@bottom=\skip48
)
(/usr/share/texlive/texmf-dist/tex/latex/amsmath/amsmath.sty
Package: amsmath 2013/01/14 v2.14 AMS math features
\@mathmargin=\skip49

For additional information on amsmath, use the `?' option.
(/usr/share/texlive/texmf-dist/tex/latex/amsmath/amstext.sty
Package: amstext 2000/06/29 v2.01

(/usr/share/texlive/texmf-dist/tex/latex/amsmath/amsgen.sty
File: amsgen.sty 1999/11/30 v2.0
\@emptytoks=\toks16
\ex@=\dimen108
))
(/usr/share/texlive/texmf-dist/tex/latex/amsmath/amsbsy.sty
Package: amsbsy 1999/11/29 v1.2d
\pmbraise@=\dimen109
)
(/usr/share/texlive/texmf-dist/tex/latex/amsmath/amsopn.sty
Package: amsopn 1999/12/14 v2.01 operator names
)
\inf@bad=\count95
LaTeX Info: Redefining \frac on input line 210.
\uproot@=\count96
\leftroot@=\count97
LaTeX Info: Redefining \overline on input line 306.
\classnum@=\count98
\DOTSCASE@=\count99
LaTeX Info: Redefining \ldots on input line 378.
LaTeX Info: Redefining \dots on input line 381.
LaTeX Info: Redefining \cdots on input line 466.
\Mathstrutbox@=\box26
\strutbox@=\box27
\big@size=\dimen110
LaTeX Font Info:    Redeclaring font encoding OML on input line 566.
LaTeX Font Info:    Redeclaring font encoding OMS on input line 567.
\macc@depth=\count100
\c@MaxMatrixCols=\count101
\dotsspace@=\muskip10
\c@parentequation=\count102
\dspbrk@lvl=\count103
\tag@help=\toks17
\row@=\count104
\column@=\count105
\maxfields@=\count106
\andhelp@=\toks18
\eqnshift@=\dimen111
\alignsep@=\dimen112
\tagshift@=\dimen113
\tagwidth@=\dimen114
\totwidth@=\dimen115
\lineht@=\dimen116
\@envbody=\toks19
\multlinegap=\skip50
\multlinetaggap=\skip51
\mathdisplay@stack=\toks20
LaTeX Info: Redefining \[ on input line 2665.
LaTeX Info: Redefining \] on input line 2666.
)
(/usr/share/texlive/texmf-dist/tex/latex/amsfonts/amssymb.sty
Package: amssymb 2013/01/14 v3.01 AMS font symbols

(/usr/share/texlive/texmf-dist/tex/latex/amsfonts/amsfonts.sty
Package: amsfonts 2013/01/14 v3.01 Basic AMSFonts support
\symAMSa=\mathgroup4
\symAMSb=\mathgroup5
LaTeX Font Info:    Overwriting math alphabet `\mathfrak' in version `bold'
(Font)                  U/euf/m/n --> U/euf/b/n on input line 106.
))
(/usr/share/texlive/texmf-dist/tex/latex/isotope/isotope.sty
Package: isotope 2011/08/26 v0.3 for typesetting isotopes
)
(/usr/share/texlive/texmf-dist/tex/latex/mhchem/mhchem.sty
Package: mhchem 2014/02/01 v3.15 for typesetting chemical formulae

(/usr/share/texlive/texmf-dist/tex/latex/base/ifthen.sty
Package: ifthen 2001/05/26 v1.1c Standard LaTeX ifthen package (DPC)
)
(/usr/share/texlive/texmf-dist/tex/latex/tools/calc.sty
Package: calc 2007/08/22 v4.3 Infix arithmetic (KKT,FJ)
\calc@Acount=\count107
\calc@Bcount=\count108
\calc@Adimen=\dimen117
\calc@Bdimen=\dimen118
\calc@Askip=\skip52
\calc@Bskip=\skip53
LaTeX Info: Redefining \setlength on input line 76.
LaTeX Info: Redefining \addtolength on input line 77.
\calc@Ccount=\count109
\calc@Cskip=\skip54
)
(/usr/share/texlive/texmf-dist/tex/latex/oberdiek/twoopt.sty
Package: twoopt 2008/08/11 v1.5 Definitions with two optional arguments (HO)
)
(/usr/share/texlive/texmf-dist/tex/latex/l3kernel/expl3.sty
(/usr/share/texlive/texmf-dist/tex/latex/l3kernel/l3names.sty
(/usr/share/texlive/texmf-dist/tex/latex/l3kernel/l3bootstrap.sty
Package: l3bootstrap 2014/01/04 v4640 L3 Experimental bootstrap code

(/usr/share/texlive/texmf-dist/tex/generic/oberdiek/luatex.sty
Package: luatex 2010/03/09 v0.4 LuaTeX basic definition package (HO)

(/usr/share/texlive/texmf-dist/tex/latex/etex-pkg/etex.sty
Package: etex 1998/03/26 v2.0 eTeX basic definition package (PEB)
\et@xins=\count110
)
\LuT@AllocAttribute=\count277
\LuT@AllocCatcodeTable=\count278
\CatcodeTableStack=\count279
\CatcodeTableIniTeX=\catcodetable1
\CatcodeTableString=\catcodetable3
\CatcodeTableOther=\catcodetable5
\CatcodeTableLaTeX=\catcodetable7
))
Package: l3names 2014/01/04 v4640 L3 Namespace for primitives
)
Package: expl3 2014/01/07 v4646 L3 Experimental code bundle wrapper

(/usr/share/texlive/texmf-dist/tex/latex/l3kernel/l3basics.sty
Package: l3basics 2014/01/04 v4642 L3 Basic definitions
)
(/usr/share/texlive/texmf-dist/tex/latex/l3kernel/l3expan.sty
Package: l3expan 2014/01/04 v4642 L3 Argument expansion
)
(/usr/share/texlive/texmf-dist/tex/latex/l3kernel/l3tl.sty
Package: l3tl 2013/12/27 v4625 L3 Token lists
)
(/usr/share/texlive/texmf-dist/tex/latex/l3kernel/l3seq.sty
Package: l3seq 2013/12/14 v4623 L3 Sequences and stacks
)
(/usr/share/texlive/texmf-dist/tex/latex/l3kernel/l3int.sty
Package: l3int 2013/08/02 v4583 L3 Integers
\c_max_int=\count280
\l_tmpa_int=\count281
\l_tmpb_int=\count282
\g_tmpa_int=\count283
\g_tmpb_int=\count284
)
(/usr/share/texlive/texmf-dist/tex/latex/l3kernel/l3quark.sty
Package: l3quark 2013/12/14 v4623 L3 Quarks
)
(/usr/share/texlive/texmf-dist/tex/latex/l3kernel/l3prg.sty
Package: l3prg 2014/01/04 v4642 L3 Control structures
\g__prg_map_int=\count285
)
(/usr/share/texlive/texmf-dist/tex/latex/l3kernel/l3clist.sty
Package: l3clist 2013/07/28 v4581 L3 Comma separated lists
)
(/usr/share/texlive/texmf-dist/tex/latex/l3kernel/l3token.sty
Package: l3token 2013/08/25 v4587 L3 Experimental token manipulation
)
(/usr/share/texlive/texmf-dist/tex/latex/l3kernel/l3prop.sty
Package: l3prop 2013/12/14 v4623 L3 Property lists
)
(/usr/share/texlive/texmf-dist/tex/latex/l3kernel/l3msg.sty
Package: l3msg 2013/07/28 v4581 L3 Messages
)
(/usr/share/texlive/texmf-dist/tex/latex/l3kernel/l3file.sty
Package: l3file 2013/10/13 v4596 L3 File and I/O operations
\l_iow_line_count_int=\count286
\l__iow_target_count_int=\count287
\l__iow_current_line_int=\count288
\l__iow_current_word_int=\count289
\l__iow_current_indentation_int=\count290
)
(/usr/share/texlive/texmf-dist/tex/latex/l3kernel/l3skip.sty
Package: l3skip 2013/07/28 v4581 L3 Dimensions and skips
\c_zero_dim=\dimen256
\c_max_dim=\dimen257
\l_tmpa_dim=\dimen258
\l_tmpb_dim=\dimen259
\g_tmpa_dim=\dimen260
\g_tmpb_dim=\dimen261
\c_zero_skip=\skip256
\c_max_skip=\skip257
\l_tmpa_skip=\skip258
\l_tmpb_skip=\skip259
\g_tmpa_skip=\skip260
\g_tmpb_skip=\skip261
\c_zero_muskip=\muskip11
\c_max_muskip=\muskip12
\l_tmpa_muskip=\muskip13
\l_tmpb_muskip=\muskip14
\g_tmpa_muskip=\muskip15
\g_tmpb_muskip=\muskip16
)
(/usr/share/texlive/texmf-dist/tex/latex/l3kernel/l3keys.sty
Package: l3keys 2013/12/08 v4614 L3 Experimental key-value interfaces
\g__keyval_level_int=\count291
\l_keys_choice_int=\count292
)
(/usr/share/texlive/texmf-dist/tex/latex/l3kernel/l3fp.sty
Package: l3fp 2014/01/04 v4642 L3 Floating points
\c__fp_leading_shift_int=\count293
\c__fp_middle_shift_int=\count294
\c__fp_trailing_shift_int=\count295
\c__fp_big_leading_shift_int=\count296
\c__fp_big_middle_shift_int=\count297
\c__fp_big_trailing_shift_int=\count298
\c__fp_Bigg_leading_shift_int=\count299
\c__fp_Bigg_middle_shift_int=\count300
\c__fp_Bigg_trailing_shift_int=\count301
)
(/usr/share/texlive/texmf-dist/tex/latex/l3kernel/l3box.sty
Package: l3box 2013/07/28 v4581 L3 Experimental boxes
\c_empty_box=\box256
\l_tmpa_box=\box257
\l_tmpb_box=\box258
\g_tmpa_box=\box259
\g_tmpb_box=\box260
)
(/usr/share/texlive/texmf-dist/tex/latex/l3kernel/l3coffins.sty
Package: l3coffins 2013/12/14 v4624 L3 Coffin code layer
\l__coffin_internal_box=\box261
\l__coffin_internal_dim=\dimen262
\l__coffin_offset_x_dim=\dimen263
\l__coffin_offset_y_dim=\dimen264
\l__coffin_x_dim=\dimen265
\l__coffin_y_dim=\dimen266
\l__coffin_x_prime_dim=\dimen267
\l__coffin_y_prime_dim=\dimen268
\c_empty_coffin=\box262
\l__coffin_aligned_coffin=\box263
\l__coffin_aligned_internal_coffin=\box264
\l_tmpa_coffin=\box265
\l_tmpb_coffin=\box266
\l__coffin_display_coffin=\box267
\l__coffin_display_coord_coffin=\box268
\l__coffin_display_pole_coffin=\box269
\l__coffin_display_offset_dim=\dimen269
\l__coffin_display_x_dim=\dimen270
\l__coffin_display_y_dim=\dimen271
)
(/usr/share/texlive/texmf-dist/tex/latex/l3kernel/l3color.sty
Package: l3color 2012/08/29 v4156 L3 Experimental color support
)
(/usr/share/texlive/texmf-dist/tex/latex/l3kernel/l3luatex.sty
Package: l3luatex 2013/07/28 v4581 L3 Experimental LuaTeX-specific functions
\g__cctab_allocate_int=\count302
\g__cctab_stack_int=\count303
\c_code_cctab=\catcodetable9
)
(/usr/share/texlive/texmf-dist/tex/latex/l3kernel/l3candidates.sty
Package: l3candidates 2014/01/06 v4643 L3 Experimental additions to l3kernel
\l__box_top_dim=\dimen272
\l__box_bottom_dim=\dimen273
\l__box_left_dim=\dimen274
\l__box_right_dim=\dimen275
\l__box_top_new_dim=\dimen276
\l__box_bottom_new_dim=\dimen277
\l__box_left_new_dim=\dimen278
\l__box_right_new_dim=\dimen279
\l__box_internal_box=\box270
\l__coffin_bounding_shift_dim=\dimen280
\l__coffin_left_corner_dim=\dimen281
\l__coffin_right_corner_dim=\dimen282
\l__coffin_bottom_corner_dim=\dimen283
\l__coffin_top_corner_dim=\dimen284
\l__coffin_scaled_total_height_dim=\dimen285
\l__coffin_scaled_width_dim=\dimen286
))
\mhchem@ce@result=\toks21
\mhchem@ce@part=\toks22
\mhchem@arrow@deployType=\toks23
\mhchem@arrow@params=\toks24
\mhchem@arrowlength@pgf=\skip262
\mhchem@bondwidth=\skip263
\mhchem@bondheight=\skip264
\mhchem@smallbondwidth@tmpA=\skip265
\mhchem@smallbondwidth@tmpB=\skip266
\mhchem@smallbondwidth=\skip267
\__mhchem_option_version_int=\count304
\mhchem@prepostscript@tmp@i=\skip268
\mhchem@prepostscript@tmp@ii=\skip269
\mhchem@mathbox@tmp@i=\skip270
\mhchem@mathbox@tmp@ii=\skip271
\mhchem@minispace@tmp=\skip272
\mhchem@option@minussidebearingleft=\skip273
\mhchem@option@minussidebearingright=\skip274
)
(/usr/share/texlive/texmf-dist/tex/latex/fontspec/fontspec.sty
Package: fontspec 2013/05/20 v2.3c Font selection for XeLaTeX and LuaLaTeX

(/usr/share/texlive/texmf-dist/tex/latex/l3packages/xparse/xparse.sty
Package: xparse 2013/12/31 v4634 L3 Experimental document command parser
\l__xparse_current_arg_int=\count305
\l__xparse_m_args_int=\count306
\l__xparse_mandatory_args_int=\count307
\l__xparse_processor_int=\count308
\l__xparse_v_nesting_int=\count309
)
(/usr/share/texlive/texmf-dist/tex/luatex/luaotfload/luaotfload.sty
Package: luaotfload 2014/02/05 v2.4-3 OpenType layout system

(/usr/share/texlive/texmf-dist/tex/luatex/luatexbase/luatexbase.sty
Package: luatexbase 2013/05/11 v0.6 Resource management for the LuaTeX macro pro
grammer

(/usr/share/texlive/texmf-dist/tex/luatex/luatexbase/luatexbase-compat.sty
Package: luatexbase-compat 2011/05/24 v0.4 Compatibility tools for LuaTeX
)
(/usr/share/texlive/texmf-dist/tex/luatex/luatexbase/luatexbase-modutils.sty
Package: luatexbase-modutils 2013/05/11 v0.6 Module utilities for LuaTeX

(/usr/share/texlive/texmf-dist/tex/luatex/luatexbase/luatexbase-loader.sty
Package: luatexbase-loader 2013/05/11 v0.6 Lua module loader for LuaTeX

(/usr/share/texlive/texmf-dist/tex/luatex/luatexbase/luatexbase.loader.lua))
(/usr/share/texlive/texmf-dist/tex/luatex/luatexbase/modutils.lua)
Lua module: luatexbase-modutils 2013/05/11 0.6 Module utilities for LuaTeX
)
(/usr/share/texlive/texmf-dist/tex/luatex/luatexbase/luatexbase-regs.sty
Package: luatexbase-regs 2011/05/24 v0.4 Registers allocation for LuaTeX
)
(/usr/share/texlive/texmf-dist/tex/luatex/luatexbase/luatexbase-attr.sty
Package: luatexbase-attr 2013/05/11 v0.6 Attributes allocation for LuaTeX

(/usr/share/texlive/texmf-dist/tex/luatex/luatexbase/attr.lua)
Lua module: luatexbase-attr 2013/05/11 0.6 Attributes allocation for LuaTeX
\lltxb@attr@unsetvalue=\count310
)
(/usr/share/texlive/texmf-dist/tex/luatex/luatexbase/luatexbase-cctb.sty
Package: luatexbase-cctb 2013/05/11 v0.6 Catcodetable allocation for LuaTeX

(/usr/share/texlive/texmf-dist/tex/luatex/luatexbase/cctb.lua)
Lua module: luatexbase-cctb 2013/05/11 0.6 Catcodetable allocation for LuaTeX
\lltxb@catcodetable@alloc=\count311
\CatcodeTableStack=\count312
\CatcodeTableIniTeX=\luatexcatcodetable1
\CatcodeTableString=\luatexcatcodetable3
\CatcodeTableOther=\luatexcatcodetable5
\CatcodeTableLaTeX=\luatexcatcodetable7
\CatcodeTableLaTeXAtLetter=\luatexcatcodetable9
\CatcodeTableExpl=\luatexcatcodetable11
)
(/usr/share/texlive/texmf-dist/tex/luatex/luatexbase/luatexbase-mcb.sty
Package: luatexbase-mcb 2013/05/11 v0.6 Callback management for LuaTeX

(/usr/share/texlive/texmf-dist/tex/luatex/luatexbase/mcb.lua)
Lua module: luatexbase-mcb 2013/05/11 0.6 register several functions in a callba
ck
))
(/usr/share/texlive/texmf-dist/tex/luatex/luaotfload/luaotfload.lua)
Lua module: luaotfload 2014/02/05 2.40004 OpenType layout system.
luaotfload: push namespace for font loader
(/usr/share/texlive/texmf-dist/tex/luatex/luaotfload/luaotfload-fontloader.lua)(
using write cache: /home/efi/.texmf-var/luatex-cache/generic)(using read cache: 
/var/lib/texmf/luatex-cache/generic /home/efi/.texmf-var/luatex-cache/generic)
luatexbase-attr: luatexbase.attributes["luaotfload@kernpair"] = 1
luatexbase-attr: luatexbase.attributes["luaotfload@ligacomp"] = 2
luatexbase-attr: luatexbase.attributes["luaotfload@markbase"] = 3
luatexbase-attr: luatexbase.attributes["luaotfload@markmark"] = 4
luatexbase-attr: luatexbase.attributes["luaotfload@markdone"] = 5
luatexbase-attr: luatexbase.attributes["luaotfload@cursbase"] = 6
luatexbase-attr: luatexbase.attributes["luaotfload@curscurs"] = 7
luatexbase-attr: luatexbase.attributes["luaotfload@cursdone"] = 8
luatexbase-attr: luatexbase.attributes["luaotfload@state"] = 9
luaotfload: "I am using the merged version of 'luaotfload.lua' here.
luaotfload:  If you run into problems or experience unexpected
luaotfload:  behaviour, and if you have ConTeXt installed you can try
luaotfload:  to delete the file 'luaotfload-merged.lua' as I might
luaotfload:  then use the possibly updated libraries. The merged
luaotfload:  version is not supported as it is a frozen instance.
luaotfload:  Problems can be reported to the ConTeXt mailing list."
luaotfload: pop namespace from font loader -- non-destructive
luaotfload: fontloader loaded in 0.028 seconds
luatexbase-mcb: inserting 'luaotfload.node_processor'
at position 1 in 'pre_linebreak_filter'
luatexbase-mcb: inserting 'luaotfload.node_processor'
at position 1 in 'hpack_filter'
luatexbase-mcb: inserting 'luaotfload.find_vf_file'
at position 1 in 'find_vf_file'
(/usr/share/texlive/texmf-dist/tex/luatex/luaotfload/luaotfload-override.lua)
(/usr/share/texlive/texmf-dist/tex/luatex/luaotfload/luaotfload-loaders.lua)
(/usr/share/texlive/texmf-dist/tex/luatex/luaotfload/luaotfload-database.lua)
luaotfload | db : Shell escape disabled or tput executable missing.
luaotfload | db : Assuming 79 cols terminal width.
luaotfload | db : Root cache directory is /home/efi/.texmf-var/luatex-cache/gene
ric/names.
luaotfload | cache : Caching of name: lookups active.
(/usr/share/texlive/texmf-dist/tex/luatex/luaotfload/luaotfload-colors.lua)
luatexbase-mcb: creating 'luaotfload.resolve_font' type 4
luatexbase-mcb: creating 'luaotfload.patch_font' type 4
luatexbase-mcb: resetting callback 'define_font'
luatexbase-mcb: inserting 'luaotfload.define_font'
at position 1 in 'define_font'
(/usr/share/texlive/texmf-dist/tex/luatex/luaotfload/luaotfload-features.lua)
(/usr/share/texlive/texmf-dist/tex/luatex/luaotfload/luaotfload-letterspace.lua)
(/usr/share/texlive/texmf-dist/tex/luatex/luaotfload/luaotfload-auxiliary.lua)
luatexbase-mcb: inserting 'luaotfload.aux.set_sscale_dimens'
at position 1 in 'luaotfload.patch_font'
luatexbase-mcb: inserting 'luaotfload.aux.patch_cambria_domh'
at position 2 in 'luaotfload.patch_font'
luatexbase-mcb: inserting 'luaotfload.aux.set_capheight'
at position 3 in 'luaotfload.patch_font'
luatexbase-mcb: inserting 'luaotfload.rewrite_fontname'
at position 4 in 'luaotfload.patch_font'
luaotfload | aux : start rewriting tfmdata.name field)
(/usr/share/texlive/texmf-dist/tex/latex/fontspec/fontspec.lua)
Lua module: fontspec 2013/05/20 2.3c Advanced font selection for LuaLaTeX.
\l_fontspec_script_int=\count313
\l_fontspec_language_int=\count314
\l_fontspec_strnum_int=\count315
\l_fontspec_tmpa_dim=\dimen287
\l_fontspec_tmpb_dim=\dimen288
\l_fontspec_tmpc_dim=\dimen289
Variant \tl_gset:cV already defined; not changing it on line 69

(/usr/share/texlive/texmf-dist/tex/latex/fontspec/fontspec-patches.sty
Package: fontspec-patches 2013/05/20 v2.3c Font selection for XeLaTeX and LuaLaT
eX

(/usr/share/texlive/texmf-dist/tex/latex/base/fixltx2e.sty
Package: fixltx2e 2006/09/13 v1.1m fixes to LaTeX
LaTeX Info: Redefining \em on input line 420.
LaTeX Info: The control sequence `\[' is already robust on input line 471.
LaTeX Info: The control sequence `\]' is already robust on input line 472.
)
LaTeX Info: Redefining \em on input line 22.
LaTeX Info: Redefining \emph on input line 30.
LaTeX Info: Redefining \- on input line 33.

*************************************************
* LaTeX warning: "xparse/redefine-command"
* 
* Redefining document command \oldstylenums with arg. spec. 'm' on line 128.
*************************************************
.................................................
. LaTeX info: "xparse/define-command"
. 
. Defining document command \liningnums with arg. spec. 'm' on line 132.
.................................................
) (/usr/share/texlive/texmf-dist/tex/latex/fontspec/fontspec-luatex.sty
Package: fontspec-luatex 2013/05/20 v2.3c Font selection for XeLaTeX and LuaLaTe
X

(/usr/share/texlive/texmf-dist/tex/latex/base/fontenc.sty
Package: fontenc 2005/09/27 v1.99g Standard LaTeX package

(/usr/share/texlive/texmf-dist/tex/latex/euenc/eu2enc.def
File: eu2enc.def 2010/05/27 v0.1h Experimental Unicode font encodings
)
LaTeX Font Info:    Try loading font information for EU2+lmr on input line 100.

(/usr/share/texlive/texmf-dist/tex/latex/euenc/eu2lmr.fd
File: eu2lmr.fd 2009/10/30 v1.6 Font defs for Latin Modern
)
luaotfload | load : auto-selecting default features for script: latn
luaotfload | load : no defaults for script "latn", falling back to "dflt"
luaotfload | db : Font names database loaded(load luc: /home/efi/.texmf-var/luat
ex-cache/generic/fonts/otf/lmroman10-regular.luc))
(/usr/share/texlive/texmf-dist/tex/xelatex/xunicode/xunicode.sty
File: xunicode.sty 2011/09/09 v0.981 provides access to latin accents and many o
ther characters in Unicode lower plane

(/usr/share/texmf/tex/latex/tipa/t3enc.def
File: t3enc.def 2001/12/31 T3 encoding
luaotfload | load : auto-selecting default features for script: latn
luaotfload | load : no defaults for script "latn", falling back to "dflt"(load l
uc: /home/efi/.texmf-var/luatex-cache/generic/fonts/otf/lmromanslant10-regular.l
uc)
luaotfload | load : auto-selecting default features for script: latn
luaotfload | load : no defaults for script "latn", falling back to "dflt"(load l
uc: /home/efi/.texmf-var/luatex-cache/generic/fonts/otf/lmroman10-italic.luc)
luaotfload | load : auto-selecting default features for script: latn
luaotfload | load : no defaults for script "latn", falling back to "dflt"(load l
uc: /home/efi/.texmf-var/luatex-cache/generic/fonts/otf/lmroman10-bold.luc)
LaTeX Font Info:    Try loading font information for EU2+lmss on input line 357.


(/usr/share/texlive/texmf-dist/tex/latex/euenc/eu2lmss.fd
File: eu2lmss.fd 2009/10/30 v1.6 Font defs for Latin Modern
)
luaotfload | load : auto-selecting default features for script: latn
luaotfload | load : no defaults for script "latn", falling back to "dflt"(load l
uc: /home/efi/.texmf-var/luatex-cache/generic/fonts/otf/lmsans10-regular.luc))
\tipaTiiicode=\count316
\tipasavetokens=\toks25
\tipachecktokens=\toks26
)
.................................................
. LaTeX info: "xparse/define-command"
. 
. Defining document command \fontspec with arg. spec. 'O{}m' on line 44.
.................................................
.................................................
. LaTeX info: "xparse/define-command"
. 
. Defining document command \setmainfont with arg. spec. 'O{}m' on line 49.
.................................................
.................................................
. LaTeX info: "xparse/define-command"
. 
. Defining document command \setsansfont with arg. spec. 'O{}m' on line 54.
.................................................
.................................................
. LaTeX info: "xparse/define-command"
. 
. Defining document command \setmonofont with arg. spec. 'O{}m' on line 59.
.................................................
.................................................
. LaTeX info: "xparse/define-command"
. 
. Defining document command \setmathrm with arg. spec. 'O{}m' on line 68.
.................................................
.................................................
. LaTeX info: "xparse/define-command"
. 
. Defining document command \setboldmathrm with arg. spec. 'O{}m' on line 72.
.................................................
.................................................
. LaTeX info: "xparse/define-command"
. 
. Defining document command \setmathsf with arg. spec. 'O{}m' on line 76.
.................................................
.................................................
. LaTeX info: "xparse/define-command"
. 
. Defining document command \setmathtt with arg. spec. 'O{}m' on line 80.
.................................................
.................................................
. LaTeX info: "xparse/define-command"
. 
. Defining document command \newfontfamily with arg. spec. 'mO{}m' on line 99.
.................................................
.................................................
. LaTeX info: "xparse/define-command"
. 
. Defining document command \newfontface with arg. spec. 'mO{}m' on line 103.
.................................................
.................................................
. LaTeX info: "xparse/define-command"
. 
. Defining document command \defaultfontfeatures with arg. spec. 'om' on line
. 111.
.................................................
.................................................
. LaTeX info: "xparse/define-command"
. 
. Defining document command \addfontfeatures with arg. spec. 'm' on line 147.
.................................................
.................................................
. LaTeX info: "xparse/define-command"
. 
. Defining document command \newfontfeature with arg. spec. 'mm' on line 159.
.................................................
.................................................
. LaTeX info: "xparse/define-command"
. 
. Defining document command \newAATfeature with arg. spec. 'mmmm' on line 167.
.................................................
.................................................
. LaTeX info: "xparse/define-command"
. 
. Defining document command \newICUfeature with arg. spec. 'mmm' on line 175.
.................................................
.................................................
. LaTeX info: "xparse/define-command"
. 
. Defining document command \aliasfontfeature with arg. spec. 'mm' on line
. 204.
.................................................
.................................................
. LaTeX info: "xparse/define-command"
. 
. Defining document command \aliasfontfeatureoption with arg. spec. 'mmm' on
. line 206.
.................................................
.................................................
. LaTeX info: "xparse/define-command"
. 
. Defining document command \newfontscript with arg. spec. 'mm' on line 211.
.................................................
.................................................
. LaTeX info: "xparse/define-command"
. 
. Defining document command \newfontlanguage with arg. spec. 'mm' on line 238.
.................................................
.................................................
. LaTeX info: "xparse/define-command"
. 
. Defining document command \DeclareFontsExtensions with arg. spec. 'm' on
. line 259.
.................................................
Variant \prop_gput:cnV already defined; not changing it on line 586
Variant \prop_gput:cnx already defined; not changing it on line 587
\l_fontspec_tmp_int=\count317
LaTeX Info: Redefining \itshape on input line 2008.
LaTeX Info: Redefining \slshape on input line 2013.
LaTeX Info: Redefining \scshape on input line 2018.
LaTeX Info: Redefining \upshape on input line 2023.

(/usr/share/texlive/texmf-dist/tex/latex/fontspec/fontspec.cfg)))
(/usr/share/texlive/texmf-dist/tex/latex/geometry/geometry.sty
Package: geometry 2010/09/12 v5.6 Page Geometry

(/usr/share/texlive/texmf-dist/tex/generic/oberdiek/ifvtex.sty
Package: ifvtex 2010/03/01 v1.5 Detect VTeX and its facilities (HO)
Package ifvtex Info: VTeX not detected.
)
(/usr/share/texlive/texmf-dist/tex/generic/ifxetex/ifxetex.sty
Package: ifxetex 2010/09/12 v0.6 Provides ifxetex conditional
)
\Gm@cnth=\count318
\Gm@cntv=\count319
\c@Gm@tempcnt=\count320
\Gm@bindingoffset=\dimen290
\Gm@wd@mp=\dimen291
\Gm@odd@mp=\dimen292
\Gm@even@mp=\dimen293
\Gm@layoutwidth=\dimen294
\Gm@layoutheight=\dimen295
\Gm@layouthoffset=\dimen296
\Gm@layoutvoffset=\dimen297
\Gm@dimlist=\toks27
)
(/usr/share/texlive/texmf-dist/tex/latex/xltxtra/xltxtra.sty
Package: xltxtra 2010/09/20 v0.5e Improvements for the "XeLaTeX" format


Package xltxtra Warning: 
 XLTXTRA IS TO BE USED ONLY UNDER XETEX. LOAD FONTSPEC DIRECTLY, INSTEAD.
 ABORTING LOADING.

) (/usr/share/texmf/tex/latex/xcolor/xcolor.sty
Package: xcolor 2007/01/21 v2.11 LaTeX color extensions (UK)

(/usr/share/texlive/texmf-dist/tex/latex/latexconfig/color.cfg
File: color.cfg 2007/01/18 v1.5 color configuration of teTeX/TeXLive
)
Package xcolor Info: Driver file: pdftex.def on input line 225.

(/usr/share/texlive/texmf-dist/tex/latex/colortbl/colortbl.sty
Package: colortbl 2012/02/13 v1.0a Color table columns (DPC)

(/usr/share/texlive/texmf-dist/tex/latex/tools/array.sty
Package: array 2008/09/09 v2.4c Tabular extension package (FMi)
\col@sep=\dimen298
\extrarowheight=\dimen299
\NC@list=\toks28
\extratabsurround=\skip275
\backup@length=\skip276
)
\everycr=\toks29
\minrowclearance=\skip277
)
\rownum=\count321
Package xcolor Info: Model `cmy' substituted by `cmy0' on input line 1337.
Package xcolor Info: Model `hsb' substituted by `rgb' on input line 1341.
Package xcolor Info: Model `RGB' extended on input line 1353.
Package xcolor Info: Model `HTML' substituted by `rgb' on input line 1355.
Package xcolor Info: Model `Hsb' substituted by `hsb' on input line 1356.
Package xcolor Info: Model `tHsb' substituted by `hsb' on input line 1357.
Package xcolor Info: Model `HSB' substituted by `hsb' on input line 1358.
Package xcolor Info: Model `Gray' substituted by `gray' on input line 1359.
Package xcolor Info: Model `wave' substituted by `hsb' on input line 1360.
)
\g__file_internal_ior=\read1
luaotfload | load : auto-selecting default features for script: dflt(load luc: /
home/efi/.texmf-var/luatex-cache/generic/fonts/otf/linlibertine-r.luc)
luaotfload | load : auto-selecting default features for script: dflt
luaotfload: font no 21 (LinLibertineO) defines feature case for script latn
luaotfload: font no 21 (LinLibertineO) defines feature case for script latn
*************************************************
* fontspec warning: "no-mapping-ligtex"
* 
* Input mapping not (yet?) supported in LuaTeX.
* Use "Ligatures=TeX" instead of "Mapping=tex-text".
*************************************************
\g_fontspec_family_Linux Libertine O_int=\count322
luaotfload | load : auto-selecting default features for script: dflt
luaotfload: font no 21 (LinLibertineO) defines feature smcp for script latn with
 language dflt
luaotfload: font no 21 (LinLibertineO) defines feature smcp for script latn with
 language dflt
luaotfload | load : auto-selecting default features for script: dflt
luaotfload | load : auto-selecting default features for script: dflt(load luc: /
home/efi/.texmf-var/luatex-cache/generic/fonts/otf/linlibertine-rb.luc)
luaotfload | load : auto-selecting default features for script: dflt
luaotfload: font no 22 (LinLibertineOB) defines feature smcp for script latn wit
h language dflt
luaotfload: font no 22 (LinLibertineOB) defines feature smcp for script latn wit
h language dflt
luaotfload | load : auto-selecting default features for script: dflt
luaotfload | load : auto-selecting default features for script: dflt(load luc: /
home/efi/.texmf-var/luatex-cache/generic/fonts/otf/linlibertine-ri.luc)
luaotfload | load : auto-selecting default features for script: dflt
luaotfload: font no 23 (LinLibertineOI) defines feature smcp for script latn wit
h language dflt
luaotfload: font no 23 (LinLibertineOI) defines feature smcp for script latn wit
h language dflt
luaotfload | load : auto-selecting default features for script: dflt
luaotfload | load : auto-selecting default features for script: dflt(load luc: /
home/efi/.texmf-var/luatex-cache/generic/fonts/otf/linlibertine-rbi.luc)
luaotfload | load : auto-selecting default features for script: dflt
luaotfload: font no 24 (LinLibertineOBI) defines feature smcp for script latn wi
th language dflt
luaotfload: font no 24 (LinLibertineOBI) defines feature smcp for script latn wi
th language dflt
.................................................
. fontspec info: "defining-font"
. 
. Font family 'LinuxLibertineO(0)' created for font 'Linux Libertine O' with
. options [Mapping=tex-text,].
. 
. This font family consists of the following shapes:
. 
. * 'normal' with NFSS spec.:
. <->"LinuxLibertineO:mode=node;script=latn;language=DFLT;+tlig;+trep;"
. 
. * 'small caps' with NFSS spec.:
. <->"LinuxLibertineO:mode=node;script=latn;language=DFLT;+tlig;+trep;+smcp;"
. 
. * 'bold' with NFSS spec.:
. <->"LinuxLibertineO/B:mode=node;script=latn;language=DFLT;+tlig;+trep;"
. 
. * 'bold small caps' with NFSS spec.:
. 
. <->"LinuxLibertineO/B:mode=node;script=latn;language=DFLT;+tlig;+trep;+smcp;"
. 
. * 'italic' with NFSS spec.:
. <->"LinuxLibertineO/I:mode=node;script=latn;language=DFLT;+tlig;+trep;"
. 
. * 'italic small caps' with NFSS spec.:
. 
. <->"LinuxLibertineO/I:mode=node;script=latn;language=DFLT;+tlig;+trep;+smcp;"
. 
. * 'bold italic' with NFSS spec.:
. <->"LinuxLibertineO/BI:mode=node;script=latn;language=DFLT;+tlig;+trep;"
. 
. * 'bold italic small caps' with NFSS spec.:
. 
. <->"LinuxLibertineO/BI:mode=node;script=latn;language=DFLT;+tlig;+trep;+smcp;"

.................................................
luaotfload | load : auto-selecting default features for script: latn
luaotfload | load : no defaults for script "latn", falling back to "dflt" (/usr
/share/texlive/texmf-dist/tex/latex/setspace/setspace.sty
Package: setspace 2011/12/19 v6.7a set line spacing
)
(/usr/share/texlive/texmf-dist/tex/latex/multirow/multirow.sty
\bigstrutjot=\dimen300
)
(/usr/share/texlive/texmf-dist/tex/latex/placeins/placeins.sty
Package: placeins 2005/04/18  v 2.2
)
(/usr/share/texlive/texmf-dist/tex/latex/sectsty/sectsty.sty
Package: sectsty 2002/02/25 v2.0.2 Commands to change all sectional heading styl
es
)
(/usr/share/texlive/texmf-dist/tex/generic/ulem/ulem.sty
\UL@box=\box271
\UL@hyphenbox=\box272
\UL@skip=\skip278
\UL@hook=\toks30
\UL@height=\dimen301
\UL@pe=\count323
\UL@pixel=\dimen302
\ULC@box=\box273
luaotfload | load : auto-selecting default features for script: dflt
Package: ulem 2012/05/18
\ULdepth=\dimen303
)
(/usr/share/texlive/texmf-dist/tex/latex/hyperref/hyperref.sty
Package: hyperref 2012/11/06 v6.83m Hypertext links for LaTeX

(/usr/share/texlive/texmf-dist/tex/generic/oberdiek/hobsub-hyperref.sty
Package: hobsub-hyperref 2012/05/28 v1.13 Bundle oberdiek, subset hyperref (HO)

(/usr/share/texlive/texmf-dist/tex/generic/oberdiek/hobsub-generic.sty
Package: hobsub-generic 2012/05/28 v1.13 Bundle oberdiek, subset generic (HO)
Package: hobsub 2012/05/28 v1.13 Construct package bundles (HO)
Package hobsub Info: Skipping package `infwarerr' (already loaded).
Package hobsub Info: Skipping package `ltxcmds' (already loaded).
Package hobsub Info: Skipping package `ifluatex' (already loaded).
Package hobsub Info: Skipping package `ifvtex' (already loaded).
Package: intcalc 2007/09/27 v1.1 Expandable calculations with integers (HO)
Package hobsub Info: Skipping package `ifpdf' (already loaded).
Package: etexcmds 2011/02/16 v1.5 Avoid name clashes with e-TeX commands (HO)
Package: kvsetkeys 2012/04/25 v1.16 Key value parser (HO)
Package: kvdefinekeys 2011/04/07 v1.3 Define keys (HO)
Package hobsub Info: Skipping package `luatex-loader' (already loaded).
Package hobsub Info: Skipping package `pdftexcmds' (already loaded).
Package: pdfescape 2011/11/25 v1.13 Implements pdfTeX's escape features (HO)
Package: bigintcalc 2012/04/08 v1.3 Expandable calculations on big integers (HO)

Package: bitset 2011/01/30 v1.1 Handle bit-vector datatype (HO)
Package: uniquecounter 2011/01/30 v1.2 Provide unlimited unique counter (HO)
)
Package hobsub Info: Skipping package `hobsub' (already loaded).
Package: letltxmacro 2010/09/02 v1.4 Let assignment for LaTeX macros (HO)
Package: hopatch 2012/05/28 v1.2 Wrapper for package hooks (HO)
Package: xcolor-patch 2011/01/30 xcolor patch
Package: atveryend 2011/06/30 v1.8 Hooks at the very end of document (HO)
Package atveryend Info: \enddocument detected (standard20110627).
Package: atbegshi 2011/10/05 v1.16 At begin shipout hook (HO)
Package: refcount 2011/10/16 v3.4 Data extraction from label references (HO)
Package: hycolor 2011/01/30 v1.7 Color options for hyperref/bookmark (HO)
)
(/usr/share/texlive/texmf-dist/tex/latex/oberdiek/auxhook.sty
Package: auxhook 2011/03/04 v1.3 Hooks for auxiliary files (HO)
)
(/usr/share/texlive/texmf-dist/tex/latex/oberdiek/kvoptions.sty
Package: kvoptions 2011/06/30 v3.11 Key value format for package options (HO)
)
\@linkdim=\dimen304
\Hy@linkcounter=\count324
\Hy@pagecounter=\count325

(/usr/share/texlive/texmf-dist/tex/latex/hyperref/pd1enc.def
File: pd1enc.def 2012/11/06 v6.83m Hyperref: PDFDocEncoding definition (HO)
)
\Hy@SavedSpaceFactor=\count326

(/usr/share/texlive/texmf-dist/tex/latex/latexconfig/hyperref.cfg
File: hyperref.cfg 2002/06/06 v1.2 hyperref configuration of TeXLive
)
Package hyperref Info: Option `bookmarks' set `true' on input line 4319.
Package hyperref Info: Option `colorlinks' set `true' on input line 4319.
Package hyperref Info: Option `breaklinks' set `true' on input line 4319.
Package hyperref Info: Hyper figures OFF on input line 4443.
Package hyperref Info: Link nesting OFF on input line 4448.
Package hyperref Info: Hyper index ON on input line 4451.
Package hyperref Info: Plain pages OFF on input line 4458.
Package hyperref Info: Backreferencing OFF on input line 4463.
Package hyperref Info: Implicit mode ON; LaTeX internals redefined.
Package hyperref Info: Bookmarks ON on input line 4688.
\c@Hy@tempcnt=\count327

(/usr/share/texlive/texmf-dist/tex/latex/url/url.sty
\Urlmuskip=\muskip17
Package: url 2013/09/16  ver 3.4  Verb mode for urls, etc.
)
LaTeX Info: Redefining \url on input line 5041.
\XeTeXLinkMargin=\dimen305
\Fld@menulength=\count328
\Field@Width=\dimen306
\Fld@charsize=\dimen307
Package hyperref Info: Hyper figures OFF on input line 6295.
Package hyperref Info: Link nesting OFF on input line 6300.
Package hyperref Info: Hyper index ON on input line 6303.
Package hyperref Info: backreferencing OFF on input line 6310.
Package hyperref Info: Link coloring ON on input line 6313.
Package hyperref Info: Link coloring with OCG OFF on input line 6320.
Package hyperref Info: PDF/A mode OFF on input line 6325.
LaTeX Info: Redefining \ref on input line 6365.
LaTeX Info: Redefining \pageref on input line 6369.
\Hy@abspage=\count329
\c@Item=\count330
\c@Hfootnote=\count331
)

Package hyperref Message: Driver (autodetected): hpdftex.

(/usr/share/texlive/texmf-dist/tex/latex/hyperref/hpdftex.def
File: hpdftex.def 2012/11/06 v6.83m Hyperref driver for pdfTeX
\Fld@listcount=\count332
\c@bookmark@seq@number=\count333

(/usr/share/texlive/texmf-dist/tex/latex/oberdiek/rerunfilecheck.sty
Package: rerunfilecheck 2011/04/15 v1.7 Rerun checks for auxiliary files (HO)
Package uniquecounter Info: New unique counter `rerunfilecheck' on input line 28
2.
)
\Hy@SectionHShift=\skip279
)
(/usr/share/texlive/texmf-dist/tex/latex/fancybox/fancybox.sty
Package: fancybox 2010/05/15 1.4

Style option: `fancybox' v1.4 <2010/05/15> (tvz)
\@fancybox=\box274
\shadowsize=\dimen308
\@Sbox=\box275
\do@VerbBox=\toks31
\the@fancyput=\toks32
\this@fancyput=\toks33
\EndVerbatimTokens=\toks34
\Verbatim@Outfile=\write3
\Verbatim@Infile=\read2
) (/usr/share/texlive/texmf-dist/tex/xelatex/xgreek/xgreek.sty
File: xgreek.sty 2013/07/05 v2.5 Package `xgreek.sty'

Package `xgreek' version 2.5 by Apostolos Syropoulos
LaTeX Info: Redefining \anw@false on input line 461.
LaTeX Info: Redefining \anw@true on input line 463.
LaTeX Info: Redefining \anw@print on input line 465.
\@attic@num=\count334
)
(./thesis_template2015.aux (./blank_page.aux) (./blank_page.aux))
LaTeX Font Info:    Checking defaults for OML/cmm/m/it on input line 96.
LaTeX Font Info:    ... okay on input line 96.
LaTeX Font Info:    Checking defaults for T1/cmr/m/n on input line 96.
LaTeX Font Info:    ... okay on input line 96.
LaTeX Font Info:    Checking defaults for OT1/cmr/m/n on input line 96.
LaTeX Font Info:    ... okay on input line 96.
LaTeX Font Info:    Checking defaults for OMS/cmsy/m/n on input line 96.
LaTeX Font Info:    ... okay on input line 96.
LaTeX Font Info:    Checking defaults for OMX/cmex/m/n on input line 96.
LaTeX Font Info:    ... okay on input line 96.
LaTeX Font Info:    Checking defaults for U/cmr/m/n on input line 96.
LaTeX Font Info:    ... okay on input line 96.
LaTeX Font Info:    Checking defaults for LGR/cmr/m/n on input line 96.
LaTeX Font Info:    Try loading font information for LGR+cmr on input line 96.

(/usr/share/texlive/texmf-dist/tex/latex/cbfonts-fd/lgrcmr.fd
File: lgrcmr.fd 2013/09/01 v1.0 Greek European Computer Regular
)
LaTeX Font Info:    ... okay on input line 96.
LaTeX Font Info:    Checking defaults for EU2/lmr/m/n on input line 96.
LaTeX Font Info:    ... okay on input line 96.
LaTeX Font Info:    Checking defaults for T3/cmr/m/n on input line 96.
LaTeX Font Info:    Try loading font information for T3+cmr on input line 96.

(/usr/share/texmf/tex/latex/tipa/t3cmr.fd
File: t3cmr.fd 2001/12/31 TIPA font definitions
)
LaTeX Font Info:    ... okay on input line 96.
LaTeX Font Info:    Checking defaults for PD1/pdf/m/n on input line 96.
LaTeX Font Info:    ... okay on input line 96.
luaotfload | load : auto-selecting default features for script: latn
luaotfload | load : no defaults for script "latn", falling back to "dflt"
(/usr/share/texlive/texmf-dist/tex/context/base/supp-pdf.mkii
[Loading MPS to PDF converter (version 2006.09.02).]
\scratchcounter=\count335
\scratchdimen=\dimen309
\scratchbox=\box276
\nofMPsegments=\count336
\nofMParguments=\count337
\everyMPshowfont=\toks35
\MPscratchCnt=\count338
\MPscratchDim=\dimen310
\MPnumerator=\count339
\makeMPintoPDFobject=\count340
\everyMPtoPDFconversion=\toks36
) (/usr/share/texlive/texmf-dist/tex/latex/oberdiek/epstopdf-base.sty
Package: epstopdf-base 2010/02/09 v2.5 Base part for package epstopdf

(/usr/share/texlive/texmf-dist/tex/latex/oberdiek/grfext.sty
Package: grfext 2010/08/19 v1.1 Manage graphics extensions (HO)
)
Package grfext Info: Graphics extension search list:
(grfext)             [.png,.pdf,.jpg,.mps,.jpeg,.jbig2,.jb2,.PNG,.PDF,.JPG,.JPEG
,.JBIG2,.JB2,.eps]
(grfext)             \AppendGraphicsExtensions on input line 452.

(/usr/share/texlive/texmf-dist/tex/latex/latexconfig/epstopdf-sys.cfg
File: epstopdf-sys.cfg 2010/07/13 v1.3 Configuration of (r)epstopdf for TeX Live

))
.................................................
. fontspec info: "setup-math"
. 
. Adjusting the maths setup (use [no-math] to avoid this).
.................................................
\symlegacymaths=\mathgroup6
LaTeX Font Info:    Overwriting symbol font `legacymaths' in version `bold'
(Font)                  OT1/cmr/m/n --> OT1/cmr/bx/n on input line 96.
LaTeX Font Info:    Redeclaring math accent \acute on input line 96.
LaTeX Font Info:    Redeclaring math accent \grave on input line 96.
LaTeX Font Info:    Redeclaring math accent \ddot on input line 96.
LaTeX Font Info:    Redeclaring math accent \tilde on input line 96.
LaTeX Font Info:    Redeclaring math accent \bar on input line 96.
LaTeX Font Info:    Redeclaring math accent \breve on input line 96.
LaTeX Font Info:    Redeclaring math accent \check on input line 96.
LaTeX Font Info:    Redeclaring math accent \hat on input line 96.
LaTeX Font Info:    Redeclaring math accent \dot on input line 96.
LaTeX Font Info:    Redeclaring math accent \mathring on input line 96.
LaTeX Font Info:    Redeclaring math symbol \Gamma on input line 96.
LaTeX Font Info:    Redeclaring math symbol \Delta on input line 96.
LaTeX Font Info:    Redeclaring math symbol \Theta on input line 96.
LaTeX Font Info:    Redeclaring math symbol \Lambda on input line 96.
LaTeX Font Info:    Redeclaring math symbol \Xi on input line 96.
LaTeX Font Info:    Redeclaring math symbol \Pi on input line 96.
LaTeX Font Info:    Redeclaring math symbol \Sigma on input line 96.
LaTeX Font Info:    Redeclaring math symbol \Upsilon on input line 96.
LaTeX Font Info:    Redeclaring math symbol \Phi on input line 96.
LaTeX Font Info:    Redeclaring math symbol \Psi on input line 96.
LaTeX Font Info:    Redeclaring math symbol \Omega on input line 96.
LaTeX Font Info:    Redeclaring math symbol \mathdollar on input line 96.
LaTeX Font Info:    Redeclaring symbol font `operators' on input line 96.
LaTeX Font Info:    Encoding `OT1' has changed to `EU2' for symbol font
(Font)              `operators' in the math version `normal' on input line 96.
LaTeX Font Info:    Overwriting symbol font `operators' in version `normal'
(Font)                  OT1/cmr/m/n --> EU2/LinuxLibertineO(0)/m/n on input line
 96.
LaTeX Font Info:    Encoding `OT1' has changed to `EU2' for symbol font
(Font)              `operators' in the math version `bold' on input line 96.
LaTeX Font Info:    Overwriting symbol font `operators' in version `bold'
(Font)                  OT1/cmr/bx/n --> EU2/LinuxLibertineO(0)/m/n on input lin
e 96.
LaTeX Font Info:    Overwriting symbol font `operators' in version `normal'
(Font)                  EU2/LinuxLibertineO(0)/m/n --> EU2/LinuxLibertineO(0)/m/
n on input line 96.
LaTeX Font Info:    Overwriting math alphabet `\mathrm' in version `normal'
(Font)                  EU2/LinuxLibertineO(0)/m/n --> EU2/LinuxLibertineO(0)/m/
n on input line 96.
LaTeX Font Info:    Overwriting math alphabet `\mathit' in version `normal'
(Font)                  OT1/cmr/m/it --> EU2/LinuxLibertineO(0)/m/it on input li
ne 96.
LaTeX Font Info:    Overwriting math alphabet `\mathbf' in version `normal'
(Font)                  OT1/cmr/bx/n --> EU2/LinuxLibertineO(0)/bx/n on input li
ne 96.
LaTeX Font Info:    Overwriting math alphabet `\mathsf' in version `normal'
(Font)                  OT1/cmss/m/n --> EU2/lmss/m/n on input line 96.
LaTeX Font Info:    Overwriting math alphabet `\mathtt' in version `normal'
(Font)                  OT1/cmtt/m/n --> EU2/lmtt/m/n on input line 96.
LaTeX Font Info:    Overwriting symbol font `operators' in version `bold'
(Font)                  EU2/LinuxLibertineO(0)/m/n --> EU2/LinuxLibertineO(0)/bx
/n on input line 96.
LaTeX Font Info:    Overwriting math alphabet `\mathrm' in version `bold'
(Font)                  EU2/LinuxLibertineO(0)/m/n --> EU2/LinuxLibertineO(0)/bx
/n on input line 96.
LaTeX Font Info:    Overwriting math alphabet `\mathit' in version `bold'
(Font)                  OT1/cmr/bx/it --> EU2/LinuxLibertineO(0)/bx/it on input 
line 96.
LaTeX Font Info:    Overwriting math alphabet `\mathsf' in version `bold'
(Font)                  OT1/cmss/bx/n --> EU2/lmss/bx/n on input line 96.
LaTeX Font Info:    Overwriting math alphabet `\mathtt' in version `bold'
(Font)                  OT1/cmtt/m/n --> EU2/lmtt/bx/n on input line 96.

*geometry* driver: auto-detecting
*geometry* detected driver: pdftex
*geometry* verbose mode - [ preamble ] result:
* driver: pdftex
* paper: a4paper
* layout: <same size as paper>
* layoutoffset:(h,v)=(0.0pt,0.0pt)
* modes: 
* h-part:(L,W,R)=(100.01144pt, 397.48499pt, 100.01144pt)
* v-part:(T,H,B)=(92.30072pt, 614.295pt, 138.45113pt)
* \paperwidth=597.50787pt
* \paperheight=845.04684pt
* \textwidth=397.48499pt
* \textheight=614.295pt
* \oddsidemargin=27.74146pt
* \evensidemargin=27.74146pt
* \topmargin=-16.96927pt
* \headheight=12.0pt
* \headsep=25.0pt
* \topskip=12.0pt
* \footskip=30.0pt
* \marginparwidth=43.36243pt
* \marginparsep=7.0pt
* \columnsep=10.0pt
* \skip\footins=10.8pt plus 4.0pt minus 2.0pt
* \hoffset=0.0pt
* \voffset=0.0pt
* \mag=1000
* \@twocolumnfalse
* \@twosidefalse
* \@mparswitchfalse
* \@reversemarginfalse
* (1in=72.27pt=25.4mm, 1cm=28.453pt)

\AtBeginShipoutBox=\box277
Package hyperref Info: Link coloring ON on input line 96.
(/usr/share/texlive/texmf-dist/tex/latex/hyperref/nameref.sty
Package: nameref 2012/10/27 v2.43 Cross-referencing by name of section

(/usr/share/texlive/texmf-dist/tex/generic/oberdiek/gettitlestring.sty
Package: gettitlestring 2010/12/03 v1.4 Cleanup title references (HO)
)
\c@section@level=\count341
LaTeX Info: Redefining \Ref on input line 513.
)
LaTeX Info: Redefining \ref on input line 96.
LaTeX Info: Redefining \pageref on input line 96.
LaTeX Info: Redefining \nameref on input line 96.

(./thesis_template2015.out) (./thesis_template2015.out)
\@outlinefile=\write4
LaTeX Info: Redefining \Ref on input line 96.
 (./thesis_title.tex
<aristotle_logo.png, id=76, 278.54062pt x 209.28188pt>
File: aristotle_logo.png Graphic file (type png)

<use aristotle_logo.png>
Package pdftex.def Info: aristotle_logo.png used on input line 7.
(pdftex.def)             Requested size: 56.9055pt x 42.75296pt.
luaotfload | load : auto-selecting default features for script: latn
luaotfload | load : no defaults for script "latn", falling back to "dflt"
luaotfload | load : auto-selecting default features for script: latn
luaotfload | load : no defaults for script "latn", falling back to "dflt"
luaotfload | load : auto-selecting default features for script: dflt
luaotfload | load : auto-selecting default features for script: dflt
luaotfload | load : auto-selecting default features for script: dflt
luaotfload | load : auto-selecting default features for script: dflt
luaotfload | load : auto-selecting default features for script: dflt
luaotfload | load : auto-selecting default features for script: dflt
luaotfload | load : auto-selecting default features for script: dflt
luaotfload | load : auto-selecting default features for script: dflt
luaotfload | load : auto-selecting default features for script: dflt
LaTeX Font Info:    Try loading font information for U+msa on input line 8.

(/usr/share/texlive/texmf-dist/tex/latex/amsfonts/umsa.fd
File: umsa.fd 2013/01/14 v3.01 AMS symbols A
)
luaotfload | load : auto-selecting default features for script: dflt
luaotfload | load : auto-selecting default features for script: dflt
luaotfload | load : auto-selecting default features for script: dflt
LaTeX Font Info:    Try loading font information for U+msb on input line 8.

(/usr/share/texlive/texmf-dist/tex/latex/amsfonts/umsb.fd
File: umsb.fd 2013/01/14 v3.01 AMS symbols B
)
luaotfload | load : auto-selecting default features for script: dflt
luaotfload | load : auto-selecting default features for script: dflt
luaotfload | load : auto-selecting default features for script: dflt
luaotfload | load : auto-selecting default features for script: dflt
luaotfload | load : auto-selecting default features for script: dflt
luaotfload | load : auto-selecting default features for script: latn
luaotfload | load : no defaults for script "latn", falling back to "dflt"
luaotfload | load : auto-selecting default features for script: latn
luaotfload | load : no defaults for script "latn", falling back to "dflt"
luaotfload | load : auto-selecting default features for script: latn
luaotfload | load : no defaults for script "latn", falling back to "dflt"
luaotfload | load : auto-selecting default features for script: latn
luaotfload | load : no defaults for script "latn", falling back to "dflt"
Underfull \hbox (badness 5064) in paragraph at lines 41--41
\EU2/LinuxLibertineO(0)/bx/n/20.74 - --  
----
 []


Underfull \hbox (badness 10000) in paragraph at lines 41--41

 []

luaotfload | load : auto-selecting default features for script: latn
luaotfload | load : no defaults for script "latn", falling back to "dflt"
Underfull \hbox (badness 10000) in paragraph at lines 41--41

 []

luaotfload | load : auto-selecting default features for script: latn
luaotfload | load : no defaults for script "latn", falling back to "dflt"
Underfull \hbox (badness 10000) in paragraph at lines 41--41

 []

[1

{/var/lib/texmf/fonts/map/pdftex/updmap/pdftex.map} <./aristotle_logo.png>])
(./blank_page.tex)LuaTeX warning (ext4): destination with the same identifier (n
ame{page.1}) has been already used, duplicate ignored
<to be read again> 
\relax 
l.103 \include{blank_page}
                         [1

]
luaotfload | load : auto-selecting default features for script: latn
luaotfload | load : no defaults for script "latn", falling back to "dflt"
luaotfload | load : auto-selecting default features for script: latn
luaotfload | load : no defaults for script "latn", falling back to "dflt" (./th
esis_template2015.toc
luaotfload | load : auto-selecting default features for script: latn
luaotfload | load : no defaults for script "latn", falling back to "dflt" [2


]
LaTeX Info: Redefining \anw@print on input line 20.
)
\tf@toc=\write5
 [3]
(./blank_page.tex) [4

] (./data_model.tex
 1.
luaotfload | load : auto-selecting default features for script: latn
luaotfload | load : no defaults for script "latn", falling back to "dflt" [5


]
Underfull \hbox (badness 10000) in paragraph at lines 22--24

 []

luaotfload | load : auto-selecting default features for script: latn
luaotfload | load : no defaults for script "latn", falling back to "dflt"
Underfull \hbox (badness 10000) in paragraph at lines 26--28

 []

[6] [7]
Overfull \hbox (4.63911pt too wide) in paragraph at lines 45--46
[][]\EU2/LinuxLibertineO(0)/m/n/12  -- ---
 --  -- ---, 
-
 []

[8]) [9] (./master_dataset_store.tex [10]
 2.

Overfull \hbox (12.52937pt too wide) in paragraph at lines 3--4
[][]\EU2/LinuxLibertineO(0)/m/n/12   -- -
--  - ---  ma
ster dataset
 []

[11

]
Underfull \hbox (badness 10000) in paragraph at lines 26--26
[][]|\EU2/LinuxLibertineO(0)/m/n/12 -- ---

 []


Underfull \hbox (badness 10000) in paragraph at lines 27--27
[][]|\EU2/LinuxLibertineO(0)/m/n/12 --  --

 []


Underfull \hbox (badness 10000) in paragraph at lines 27--27
\EU2/LinuxLibertineO(0)/m/n/12  - ---
 []


Overfull \hbox (81.13269pt too wide) in paragraph at lines 20--30
 [][][] 
 []

[12] [13] [14

] [15]
Overfull \hbox (22.29434pt too wide) in paragraph at lines 58--60
[][]\EU2/LinuxLibertineO(0)/m/n/12  --, -
 - - --- Distributed Fi
lesystem.
 []

[16]
Overfull \hbox (13.42271pt too wide) in paragraph at lines 74--75
[][]\EU2/LinuxLibertineO(0)/m/n/12 Parallel Virtual File System (Clemson Univer
sity, Argonne National Laboratory,
 []

) [17]
 \MakeUppercase {\anw@true \anw@print \relax }.
LaTeX Info: Redefining \anw@print on input line 146.
(./terminology.tex)
Package atveryend Info: Empty hook `BeforeClearDocument' on input line 152.
 [18

]
Package atveryend Info: Empty hook `AfterLastShipout' on input line 152.
 (./thesis_template2015.aux (./blank_page.aux)
(./blank_page.aux))
Package atveryend Info: Executing hook `AtVeryEndDocument' on input line 152.
Package atveryend Info: Executing hook `AtEndAfterFileList' on input line 152.


Package rerunfilecheck Warning: File `thesis_template2015.out' has changed.
(rerunfilecheck)                Rerun to get outlines right
(rerunfilecheck)                or use package `bookmark'.

Package rerunfilecheck Info: Checksums for `thesis_template2015.out':
(rerunfilecheck)             Before: 3EF9E933232F1BE0C90BDE9E0438D223;1251
(rerunfilecheck)             After:  58CE177171EFA07DDE024ED48EE324C7;1533.
Package atveryend Info: Empty hook `AtVeryVeryEnd' on input line 152.
 )

Here is how much of LuaTeX's memory you used:
 22204 strings out of 493803
 100000,552014 words of node,token memory allocated
 455 words of node memory still in use:
   7 hlist, 2 vlist, 2 rule, 3 glue, 2 kern, 1 penalty, 7 attribute, 55 glue_spe
c, 7 attribute_list, 1 write nodes
   avail lists: 1:1,2:7538,3:109,4:724,5:168,6:2440,7:111,8:19,9:153,10:358
 25049 multiletter control sequences out of 65536+600000
 57 fonts using 9502271 bytes
 49i,13n,50p,1593b,492s stack positions out of 5000i,500n,10000p,200000b,100000s
</usr/share/texlive/texmf-dist/fonts/opentype/public/libertine/LinLibertine_RI.o
tf></usr/share/texlive/texmf-dist/fonts/opentype/public/libertine/LinLibertine_R
B.otf></usr/share/texlive/texmf-dist/fonts/opentype/public/libertine/LinLibertin
e_R.otf></usr/share/texlive/texmf-dist/fonts/type1/public/amsfonts/symbols/msam1
0.pfb>
Output written on thesis_template2015.pdf (19 pages, 155689 bytes).

PDF statistics: 215 PDF objects out of 1000 (max. 8388607)
 180 compressed objects within 2 object streams
 43 named destinations out of 1000 (max. 131072)
 145 words of extra memory for PDF output out of 10000 (max. 10000000)

