\BOOKMARK [0][-]{chapter.1}{Αρχιτεκτονική Lambda}{}% 1
\BOOKMARK [1][-]{section.1.1}{Επίπεδα}{chapter.1}% 2
\BOOKMARK [1][-]{section.1.2}{Query}{chapter.1}% 3
\BOOKMARK [1][-]{section.1.3}{Προΰπολογισμός}{chapter.1}% 4
\BOOKMARK [2][-]{subsection.1.3.1}{Μειονεκτήματα}{section.1.3}% 5
\BOOKMARK [0][-]{chapter.2}{Data Model}{}% 6
\BOOKMARK [1][-]{section.2.1}{Ορολογία}{chapter.2}% 7
\BOOKMARK [1][-]{section.2.2}{Ιδιότητες των δεδομένων}{chapter.2}% 8
\BOOKMARK [2][-]{subsection.2.2.1}{Rawness}{section.2.2}% 9
\BOOKMARK [2][-]{subsection.2.2.2}{Immutability}{section.2.2}% 10
\BOOKMARK [2][-]{subsection.2.2.3}{Perpetuity}{section.2.2}% 11
\BOOKMARK [2][-]{subsection.2.2.4}{Delete}{section.2.2}% 12
\BOOKMARK [1][-]{section.2.3}{Αναπαράσταση των δεδομένων}{chapter.2}% 13
\BOOKMARK [1][-]{section.2.4}{Σύνοψη}{chapter.2}% 14
\BOOKMARK [0][-]{chapter.3}{Master Dataset Store}{}% 15
\BOOKMARK [1][-]{section.3.1}{System Requirements}{chapter.3}% 16
\BOOKMARK [1][-]{section.3.2}{Επιλογή συστήματος}{chapter.3}% 17
\BOOKMARK [2][-]{subsection.3.2.1}{Σχεσιακές βάσεις δεδομένων}{section.3.2}% 18
\BOOKMARK [2][-]{subsection.3.2.2}{Κey-value βάσεις δεδομένων}{section.3.2}% 19
\BOOKMARK [2][-]{subsection.3.2.3}{Filesystem}{section.3.2}% 20
\BOOKMARK [1][-]{section.3.3}{Distributed Filesystem}{chapter.3}% 21
\BOOKMARK [2][-]{subsection.3.3.1}{Immutability}{section.3.3}% 22
\BOOKMARK [2][-]{subsection.3.3.2}{Scalability-Parallelism}{section.3.3}% 23
\BOOKMARK [2][-]{subsection.3.3.3}{Data Loss}{section.3.3}% 24
\BOOKMARK [2][-]{subsection.3.3.4}{Υλοποιήσεις}{section.3.3}% 25
\BOOKMARK [1][-]{section.3.4}{Σύνοψη}{chapter.3}% 26
\BOOKMARK [0][-]{chapter.4}{HDFS}{}% 27
\BOOKMARK [1][-]{section.4.1}{Αρχιτεκτονική}{chapter.4}% 28
\BOOKMARK [2][-]{subsection.4.1.1}{Namenode}{section.4.1}% 29
\BOOKMARK [2][-]{subsection.4.1.2}{DataNode}{section.4.1}% 30
\BOOKMARK [2][-]{subsection.4.1.3}{HDFS Client}{section.4.1}% 31
\BOOKMARK [0][-]{appendix.Alph1}{Ορολογία}{}% 32
